Using pre-set license
Built from '2021.3/staging' branch; Version is '2021.3.16f1 (4016570cf34f) revision 4200023'; Using compiler version '192829333'; Build Type 'Release'
OS: 'Windows 11  (10.0.22621) 64bit Core' Language: 'en' Physical Memory: 16280 MB
BatchMode: 1, IsHumanControllingUs: 0, StartBugReporterOnCrash: 0, Is64bit: 1, IsPro: 1

COMMAND LINE ARGUMENTS:
D:\Unity\2021.3.16f1\Editor\Unity.exe
-adb2
-batchMode
-noUpm
-name
AssetImportWorker10
-projectPath
E:/Work ()/FMP WORK/MOBA Map
-logFile
Logs/AssetImportWorker10.log
-srvPort
57179
Successfully changed project path to: E:/Work ()/FMP WORK/MOBA Map
E:/Work ()/FMP WORK/MOBA Map
[UnityMemory] Configuration Parameters - Can be set up in boot.config
    "memorysetup-bucket-allocator-granularity=16"
    "memorysetup-bucket-allocator-bucket-count=8"
    "memorysetup-bucket-allocator-block-size=33554432"
    "memorysetup-bucket-allocator-block-count=8"
    "memorysetup-main-allocator-block-size=16777216"
    "memorysetup-thread-allocator-block-size=16777216"
    "memorysetup-gfx-main-allocator-block-size=16777216"
    "memorysetup-gfx-thread-allocator-block-size=16777216"
    "memorysetup-cache-allocator-block-size=4194304"
    "memorysetup-typetree-allocator-block-size=2097152"
    "memorysetup-profiler-bucket-allocator-granularity=16"
    "memorysetup-profiler-bucket-allocator-bucket-count=8"
    "memorysetup-profiler-bucket-allocator-block-size=33554432"
    "memorysetup-profiler-bucket-allocator-block-count=8"
    "memorysetup-profiler-allocator-block-size=16777216"
    "memorysetup-profiler-editor-allocator-block-size=1048576"
    "memorysetup-temp-allocator-size-main=16777216"
    "memorysetup-job-temp-allocator-block-size=2097152"
    "memorysetup-job-temp-allocator-block-size-background=1048576"
    "memorysetup-job-temp-allocator-reduction-small-platforms=262144"
    "memorysetup-temp-allocator-size-background-worker=32768"
    "memorysetup-temp-allocator-size-job-worker=262144"
    "memorysetup-temp-allocator-size-preload-manager=33554432"
    "memorysetup-temp-allocator-size-nav-mesh-worker=65536"
    "memorysetup-temp-allocator-size-audio-worker=65536"
    "memorysetup-temp-allocator-size-cloud-worker=32768"
    "memorysetup-temp-allocator-size-gi-baking-worker=262144"
    "memorysetup-temp-allocator-size-gfx=262144"
Player connection [25792] Host "[IP] 192.168.1.151 [Port] 0 [Flags] 2 [Guid] 3262786733 [EditorId] 3262786733 [Version] 1048832 [Id] WindowsEditor(7,DESKTOP-3O1H008) [Debug] 1 [PackageName] WindowsEditor [ProjectName] Editor" joined multi-casting on [225.0.0.222:54997]...

Player connection [25792] Host "[IP] 192.168.1.151 [Port] 0 [Flags] 2 [Guid] 3262786733 [EditorId] 3262786733 [Version] 1048832 [Id] WindowsEditor(7,DESKTOP-3O1H008) [Debug] 1 [PackageName] WindowsEditor [ProjectName] Editor" joined alternative multi-casting on [225.0.0.222:34997]...

Refreshing native plugins compatible for Editor in 107.15 ms, found 4 plugins.
Preloading 0 native plugins for Editor in 0.00 ms.
Initialize engine version: 2021.3.16f1 (4016570cf34f)
[Subsystems] Discovering subsystems at path D:/Unity/2021.3.16f1/Editor/Data/Resources/UnitySubsystems
[Subsystems] Discovering subsystems at path E:/Work ()/FMP WORK/MOBA Map/Assets
GfxDevice: creating device client; threaded=0; jobified=0
Direct3D:
    Version:  Direct3D 11.0 [level 11.1]
    Renderer: NVIDIA GeForce RTX 3050 (ID=0x2507)
    Vendor:   NVIDIA
    VRAM:     8056 MB
    Driver:   31.0.15.3141
Initialize mono
Mono path[0] = 'D:/Unity/2021.3.16f1/Editor/Data/Managed'
Mono path[1] = 'D:/Unity/2021.3.16f1/Editor/Data/MonoBleedingEdge/lib/mono/unityjit-win32'
Mono config path = 'D:/Unity/2021.3.16f1/Editor/Data/MonoBleedingEdge/etc'
Using monoOptions --debugger-agent=transport=dt_socket,embedding=1,server=y,suspend=n,address=127.0.0.1:56996
Begin MonoManager ReloadAssembly
Registering precompiled unity dll's ...
Register platform support module: D:/Unity/2021.3.16f1/Editor/Data/PlaybackEngines/WebGLSupport/UnityEditor.WebGL.Extensions.dll
Register platform support module: D:/Unity/2021.3.16f1/Editor/Data/PlaybackEngines/WindowsStandaloneSupport/UnityEditor.WindowsStandalone.Extensions.dll
Registered in 0.002145 seconds.
Native extension for WindowsStandalone target not found
Native extension for WebGL target not found
Refreshing native plugins compatible for Editor in 99.91 ms, found 4 plugins.
Preloading 0 native plugins for Editor in 0.00 ms.
Mono: successfully reloaded assembly
- Completed reload, in  0.644 seconds
Domain Reload Profiling:
	ReloadAssembly (645ms)
		BeginReloadAssembly (83ms)
			ExecutionOrderSort (0ms)
			DisableScriptedObjects (0ms)
			BackupInstance (0ms)
			ReleaseScriptingObjects (0ms)
			CreateAndSetChildDomain (1ms)
		EndReloadAssembly (463ms)
			LoadAssemblies (82ms)
			RebuildTransferFunctionScriptingTraits (0ms)
			SetupTypeCache (107ms)
			ReleaseScriptCaches (0ms)
			RebuildScriptCaches (26ms)
			SetupLoadedEditorAssemblies (284ms)
				LogAssemblyErrors (0ms)
				InitializePlatformSupportModulesInManaged (7ms)
				SetLoadedEditorAssemblies (0ms)
				RefreshPlugins (100ms)
				BeforeProcessingInitializeOnLoad (1ms)
				ProcessInitializeOnLoadAttributes (134ms)
				ProcessInitializeOnLoadMethodAttributes (42ms)
				AfterProcessingInitializeOnLoad (0ms)
				EditorAssembliesLoaded (0ms)
			ExecutionOrderSort2 (0ms)
			AwakeInstancesAfterBackupRestoration (0ms)
Platform modules already initialized, skipping
Registering precompiled user dll's ...
Registered in 0.007447 seconds.
Begin MonoManager ReloadAssembly
Symbol file LoadedFromMemory doesn't match image E:\Work ()\FMP WORK\MOBA Map\Library\PackageCache\com.unity.visualscripting@1.7.8\Editor\VisualScripting.Core\Dependencies\YamlDotNet\Unity.VisualScripting.YamlDotNet.dll
Symbol file LoadedFromMemory doesn't match image E:\Work ()\FMP WORK\MOBA Map\Library\PackageCache\com.unity.visualscripting@1.7.8\Editor\VisualScripting.Core\Dependencies\DotNetZip\Unity.VisualScripting.IonicZip.dll
Native extension for WindowsStandalone target not found
Native extension for WebGL target not found
Refreshing native plugins compatible for Editor in 0.92 ms, found 4 plugins.
Preloading 0 native plugins for Editor in 0.00 ms.
Mono: successfully reloaded assembly
- Completed reload, in  1.062 seconds
Domain Reload Profiling:
	ReloadAssembly (1063ms)
		BeginReloadAssembly (116ms)
			ExecutionOrderSort (0ms)
			DisableScriptedObjects (6ms)
			BackupInstance (0ms)
			ReleaseScriptingObjects (0ms)
			CreateAndSetChildDomain (20ms)
		EndReloadAssembly (836ms)
			LoadAssemblies (95ms)
			RebuildTransferFunctionScriptingTraits (0ms)
			SetupTypeCache (277ms)
			ReleaseScriptCaches (1ms)
			RebuildScriptCaches (51ms)
			SetupLoadedEditorAssemblies (388ms)
				LogAssemblyErrors (0ms)
				InitializePlatformSupportModulesInManaged (5ms)
				SetLoadedEditorAssemblies (0ms)
				RefreshPlugins (1ms)
				BeforeProcessingInitializeOnLoad (84ms)
				ProcessInitializeOnLoadAttributes (271ms)
				ProcessInitializeOnLoadMethodAttributes (24ms)
				AfterProcessingInitializeOnLoad (2ms)
				EditorAssembliesLoaded (0ms)
			ExecutionOrderSort2 (0ms)
			AwakeInstancesAfterBackupRestoration (6ms)
Platform modules already initialized, skipping
========================================================================
Worker process is ready to serve import requests
Launched and connected shader compiler UnityShaderCompiler.exe after 0.04 seconds
Refreshing native plugins compatible for Editor in 0.87 ms, found 4 plugins.
Preloading 0 native plugins for Editor in 0.00 ms.
Unloading 3764 Unused Serialized files (Serialized files now loaded: 0)
Unloading 30 unused Assets / (158.3 KB). Loaded Objects now: 4233.
Memory consumption went from 138.8 MB to 138.7 MB.
Total: 3.668000 ms (FindLiveObjects: 0.326900 ms CreateObjectMapping: 0.242800 ms MarkObjects: 2.938900 ms  DeleteObjects: 0.157800 ms)

AssetImportParameters requested are different than current active one (requested -> active):
  custom:video-decoder-ogg-theora: a1e56fd34408186e4bbccfd4996cb3dc -> 
  custom:container-muxer-webm: aa71ff27fc2769a1b78a27578f13a17b -> 
  custom:container-demuxer-webm: 4f35f7cbe854078d1ac9338744f61a02 -> 
  custom:video-encoder-webm-vp8: eb34c28f22e8b96e1ab97ce403110664 -> 
  custom:audio-encoder-webm-vorbis: bf7c407c2cedff20999df2af8eb42d56 -> 
  custom:framework-win-MediaFoundation: 216162199b28c13a410421893ffa2e32 -> 
  custom:container-demuxer-ogg: 62fdf1f143b41e24485cea50d1cbac27 -> 
  custom:video-decoder-webm-vp8: 9c59270c3fd7afecdb556c50c9e8de78 -> 
  custom:audio-decoder-ogg-vorbis: bf7c407c2cedff20999df2af8eb42d56 -> 
========================================================================
Received Import Request.
  Time since last request: 53018.208032 seconds.
  path: Assets/Sci-Fi Styled Modular Pack/FBX/All/bottle_glassware_beaker_large.fbx
  artifactKey: Guid(1ba6790be426319439ab11a338f37660) Importer(815301076,1909f56bfc062723c751e8b465ee728b)
Start importing Assets/Sci-Fi Styled Modular Pack/FBX/All/bottle_glassware_beaker_large.fbx using Guid(1ba6790be426319439ab11a338f37660) Importer(815301076,1909f56bfc062723c751e8b465ee728b)  -> (artifact id: '555e1161efd5114f5307d15e3f19791a') in 0.193310 seconds 
========================================================================
Received Import Request.
  Time since last request: 0.000033 seconds.
  path: Assets/Sci-Fi Styled Modular Pack/FBX/All/bottle_glassware_buchner_flask_small.fbx
  artifactKey: Guid(f48b50b6e1b58d348a4d7971360e4858) Importer(815301076,1909f56bfc062723c751e8b465ee728b)
Start importing Assets/Sci-Fi Styled Modular Pack/FBX/All/bottle_glassware_buchner_flask_small.fbx using Guid(f48b50b6e1b58d348a4d7971360e4858) Importer(815301076,1909f56bfc062723c751e8b465ee728b)  -> (artifact id: '4d55f9302de07dfc23d9d1776051bb28') in 0.045211 seconds 
========================================================================
Received Import Request.
  Time since last request: 0.000035 seconds.
  path: Assets/Sci-Fi Styled Modular Pack/FBX/All/bottle_glassware_schlenk_flask_small.fbx
  artifactKey: Guid(7bd75c9d33434ca48b60f0c81e2735d9) Importer(815301076,1909f56bfc062723c751e8b465ee728b)
Start importing Assets/Sci-Fi Styled Modular Pack/FBX/All/bottle_glassware_schlenk_flask_small.fbx using Guid(7bd75c9d33434ca48b60f0c81e2735d9) Importer(815301076,1909f56bfc062723c751e8b465ee728b)  -> (artifact id: '4dfdac5507ea7b65fce8941b76d5bacd') in 0.038538 seconds 
========================================================================
Received Import Request.
  Time since last request: 0.000028 seconds.
  path: Assets/Sci-Fi Styled Modular Pack/FBX/All/bottle_glassware_schlenk_flask_large_.fbx
  artifactKey: Guid(37aaf2561e3135640a8c1371ed33370d) Importer(815301076,1909f56bfc062723c751e8b465ee728b)
Start importing Assets/Sci-Fi Styled Modular Pack/FBX/All/bottle_glassware_schlenk_flask_large_.fbx using Guid(37aaf2561e3135640a8c1371ed33370d) Importer(815301076,1909f56bfc062723c751e8b465ee728b)  -> (artifact id: '5cbf9f9b8be6d3eb7bf9557a6e64de17') in 0.025660 seconds 
========================================================================
Received Import Request.
  Time since last request: 0.000054 seconds.
  path: Assets/Sci-Fi Styled Modular Pack/FBX/All/bottle_glassware_florence_flask_medium.fbx
  artifactKey: Guid(8c66b6f5ca0e9f640b9bb38c9ada1c16) Importer(815301076,1909f56bfc062723c751e8b465ee728b)
Start importing Assets/Sci-Fi Styled Modular Pack/FBX/All/bottle_glassware_florence_flask_medium.fbx using Guid(8c66b6f5ca0e9f640b9bb38c9ada1c16) Importer(815301076,1909f56bfc062723c751e8b465ee728b)  -> (artifact id: 'a89c9f7d03cbff86030ab4fa49a31c9c') in 0.051747 seconds 
========================================================================
Received Import Request.
  Time since last request: 0.000051 seconds.
  path: Assets/Sci-Fi Styled Modular Pack/FBX/All/bottle_glassware_pear_shaped_flask_small.fbx
  artifactKey: Guid(448e777200c8bcf469edebe883c02b76) Importer(815301076,1909f56bfc062723c751e8b465ee728b)
Start importing Assets/Sci-Fi Styled Modular Pack/FBX/All/bottle_glassware_pear_shaped_flask_small.fbx using Guid(448e777200c8bcf469edebe883c02b76) Importer(815301076,1909f56bfc062723c751e8b465ee728b)  -> (artifact id: 'f44a01e286c79669ddbf3387e5510d08') in 0.037160 seconds 
========================================================================
Received Import Request.
  Time since last request: 0.000030 seconds.
  path: Assets/Sci-Fi Styled Modular Pack/FBX/All/bottle_glassware_claisen_flask_small.fbx
  artifactKey: Guid(d3c54d51b4e5aef4faedfb3f6792b0ae) Importer(815301076,1909f56bfc062723c751e8b465ee728b)
Start importing Assets/Sci-Fi Styled Modular Pack/FBX/All/bottle_glassware_claisen_flask_small.fbx using Guid(d3c54d51b4e5aef4faedfb3f6792b0ae) Importer(815301076,1909f56bfc062723c751e8b465ee728b)  -> (artifact id: '34a2ee5b411835156f7c2ddc0bddbe96') in 0.027519 seconds 
========================================================================
Received Import Request.
  Time since last request: 0.000032 seconds.
  path: Assets/Sci-Fi Styled Modular Pack/FBX/All/bottle_glassware_florence_flask_small.fbx
  artifactKey: Guid(fd4777b859654bd4c970049a7664bc33) Importer(815301076,1909f56bfc062723c751e8b465ee728b)
Start importing Assets/Sci-Fi Styled Modular Pack/FBX/All/bottle_glassware_florence_flask_small.fbx using Guid(fd4777b859654bd4c970049a7664bc33) Importer(815301076,1909f56bfc062723c751e8b465ee728b)  -> (artifact id: '86d311926a9e461c9a619e5d44086c9c') in 0.031431 seconds 
========================================================================
Received Import Request.
  Time since last request: 0.000030 seconds.
  path: Assets/Sci-Fi Styled Modular Pack/FBX/All/bottle_glassware_straus_flask_large.fbx
  artifactKey: Guid(7466b84399310b84da0c26c139318b38) Importer(815301076,1909f56bfc062723c751e8b465ee728b)
Start importing Assets/Sci-Fi Styled Modular Pack/FBX/All/bottle_glassware_straus_flask_large.fbx using Guid(7466b84399310b84da0c26c139318b38) Importer(815301076,1909f56bfc062723c751e8b465ee728b)  -> (artifact id: '46604038d3facbce5eb45e22ecfb3b53') in 0.053419 seconds 
========================================================================
Received Import Request.
  Time since last request: 0.000034 seconds.
  path: Assets/Sci-Fi Styled Modular Pack/FBX/All/bottle_glassware_round_bottom_flask_large.fbx
  artifactKey: Guid(a3490d4ea0f980947b19b17ff063828b) Importer(815301076,1909f56bfc062723c751e8b465ee728b)
Start importing Assets/Sci-Fi Styled Modular Pack/FBX/All/bottle_glassware_round_bottom_flask_large.fbx using Guid(a3490d4ea0f980947b19b17ff063828b) Importer(815301076,1909f56bfc062723c751e8b465ee728b)  -> (artifact id: '8360330c9b330437689eca6ea16c71df') in 0.035490 seconds 
========================================================================
Received Import Request.
  Time since last request: 0.000026 seconds.
  path: Assets/Sci-Fi Styled Modular Pack/FBX/All/bottle_glassware_nrm_tube_small.fbx
  artifactKey: Guid(a31b82a562a0d1e47880fd45e0ee2e15) Importer(815301076,1909f56bfc062723c751e8b465ee728b)
Start importing Assets/Sci-Fi Styled Modular Pack/FBX/All/bottle_glassware_nrm_tube_small.fbx using Guid(a31b82a562a0d1e47880fd45e0ee2e15) Importer(815301076,1909f56bfc062723c751e8b465ee728b)  -> (artifact id: 'f063133e60426e9d197115ee56c65c59') in 0.069181 seconds 
========================================================================
Received Import Request.
  Time since last request: 0.000036 seconds.
  path: Assets/Sci-Fi Styled Modular Pack/FBX/All/bottle_glassware_boiling_tube_large.fbx
  artifactKey: Guid(3fac3ff1ea4e07c498afb220abc6f3af) Importer(815301076,1909f56bfc062723c751e8b465ee728b)
Start importing Assets/Sci-Fi Styled Modular Pack/FBX/All/bottle_glassware_boiling_tube_large.fbx using Guid(3fac3ff1ea4e07c498afb220abc6f3af) Importer(815301076,1909f56bfc062723c751e8b465ee728b)  -> (artifact id: 'a682563e6b422aae51d2393e763fc915') in 0.031208 seconds 
========================================================================
Received Import Request.
  Time since last request: 0.000041 seconds.
  path: Assets/Sci-Fi Styled Modular Pack/FBX/All/bottle_glassware_schlenk_flask_medium.fbx
  artifactKey: Guid(7486ca96c7ffbcd4dafd8723b304d267) Importer(815301076,1909f56bfc062723c751e8b465ee728b)
Start importing Assets/Sci-Fi Styled Modular Pack/FBX/All/bottle_glassware_schlenk_flask_medium.fbx using Guid(7486ca96c7ffbcd4dafd8723b304d267) Importer(815301076,1909f56bfc062723c751e8b465ee728b)  -> (artifact id: 'a08cfc2333468e8bc38d27ed716a936b') in 0.042054 seconds 
========================================================================
Received Import Request.
  Time since last request: 0.000031 seconds.
  path: Assets/Sci-Fi Styled Modular Pack/FBX/All/bottle_glassware_pear_shaped_flask_medium.fbx
  artifactKey: Guid(c2d200a0fd7856e4aa2d302efed6fb6e) Importer(815301076,1909f56bfc062723c751e8b465ee728b)
Start importing Assets/Sci-Fi Styled Modular Pack/FBX/All/bottle_glassware_pear_shaped_flask_medium.fbx using Guid(c2d200a0fd7856e4aa2d302efed6fb6e) Importer(815301076,1909f56bfc062723c751e8b465ee728b)  -> (artifact id: 'f06d02f024e8f3798fd48bf3509ee52e') in 0.069835 seconds 
========================================================================
Received Import Request.
  Time since last request: 0.000037 seconds.
  path: Assets/Sci-Fi Styled Modular Pack/FBX/All/bottle_glassware_nrm_tube_medium.fbx
  artifactKey: Guid(21fed67f20de655468d4e97c98062ae0) Importer(815301076,1909f56bfc062723c751e8b465ee728b)
Start importing Assets/Sci-Fi Styled Modular Pack/FBX/All/bottle_glassware_nrm_tube_medium.fbx using Guid(21fed67f20de655468d4e97c98062ae0) Importer(815301076,1909f56bfc062723c751e8b465ee728b)  -> (artifact id: 'ce40c5fd6fb87eb4642350b3b4d9a0a2') in 0.072812 seconds 
========================================================================
Received Import Request.
  Time since last request: 0.000028 seconds.
  path: Assets/Sci-Fi Styled Modular Pack/FBX/All/bottle_glassware_erlenmeyer_flask_small.fbx
  artifactKey: Guid(84d2fbd1cfe246a499b4427eb4383135) Importer(815301076,1909f56bfc062723c751e8b465ee728b)
Start importing Assets/Sci-Fi Styled Modular Pack/FBX/All/bottle_glassware_erlenmeyer_flask_small.fbx using Guid(84d2fbd1cfe246a499b4427eb4383135) Importer(815301076,1909f56bfc062723c751e8b465ee728b)  -> (artifact id: '21625517369258d895ef6ddc00b2c9f9') in 0.037434 seconds 
========================================================================
Received Import Request.
  Time since last request: 0.000045 seconds.
  path: Assets/Sci-Fi Styled Modular Pack/FBX/All/bottle_glassware_centrifuge_tube_003.fbx
  artifactKey: Guid(5c5e3a5378c3b9f4881ca0d24963ec0b) Importer(815301076,1909f56bfc062723c751e8b465ee728b)
Start importing Assets/Sci-Fi Styled Modular Pack/FBX/All/bottle_glassware_centrifuge_tube_003.fbx using Guid(5c5e3a5378c3b9f4881ca0d24963ec0b) Importer(815301076,1909f56bfc062723c751e8b465ee728b)  -> (artifact id: 'a646db543b4c23ff25d805c0dd9c22ce') in 0.062821 seconds 
========================================================================
Received Import Request.
  Time since last request: 0.000030 seconds.
  path: Assets/Sci-Fi Styled Modular Pack/FBX/All/bottle_glassware_schlenk_flask_medium_.fbx
  artifactKey: Guid(0c18be53d8e3b6d49ad56c3cd3a052fc) Importer(815301076,1909f56bfc062723c751e8b465ee728b)
Start importing Assets/Sci-Fi Styled Modular Pack/FBX/All/bottle_glassware_schlenk_flask_medium_.fbx using Guid(0c18be53d8e3b6d49ad56c3cd3a052fc) Importer(815301076,1909f56bfc062723c751e8b465ee728b)  -> (artifact id: '00cc88fa92289a69f91ef3bfcecf0a65') in 0.029354 seconds 
========================================================================
Received Import Request.
  Time since last request: 0.000028 seconds.
  path: Assets/Sci-Fi Styled Modular Pack/FBX/All/bottle_glassware_centrifuge_tube.fbx
  artifactKey: Guid(e705477686dc71843b6ebbd3cfe3b343) Importer(815301076,1909f56bfc062723c751e8b465ee728b)
Start importing Assets/Sci-Fi Styled Modular Pack/FBX/All/bottle_glassware_centrifuge_tube.fbx using Guid(e705477686dc71843b6ebbd3cfe3b343) Importer(815301076,1909f56bfc062723c751e8b465ee728b)  -> (artifact id: 'f42a268c01d4587622e8b346c334d2ad') in 0.077914 seconds 
========================================================================
Received Import Request.
  Time since last request: 0.000024 seconds.
  path: Assets/Sci-Fi Styled Modular Pack/FBX/All/bottle_glassware_schlenk_flask_large.fbx
  artifactKey: Guid(ce894f641d22e8742bcf50129e316d68) Importer(815301076,1909f56bfc062723c751e8b465ee728b)
Start importing Assets/Sci-Fi Styled Modular Pack/FBX/All/bottle_glassware_schlenk_flask_large.fbx using Guid(ce894f641d22e8742bcf50129e316d68) Importer(815301076,1909f56bfc062723c751e8b465ee728b)  -> (artifact id: '5f5bcb411f2a9a1d7ef49d9d5e08fea7') in 0.094747 seconds 
========================================================================
Received Import Request.
  Time since last request: 0.000032 seconds.
  path: Assets/Sci-Fi Styled Modular Pack/FBX/All/bottle_glassware_florence_flask_large.fbx
  artifactKey: Guid(beb18ef67a970724bb29ddcb8d2a198d) Importer(815301076,1909f56bfc062723c751e8b465ee728b)
Start importing Assets/Sci-Fi Styled Modular Pack/FBX/All/bottle_glassware_florence_flask_large.fbx using Guid(beb18ef67a970724bb29ddcb8d2a198d) Importer(815301076,1909f56bfc062723c751e8b465ee728b)  -> (artifact id: '0973e8e2f31b288827d8444d183755d9') in 0.085733 seconds 
========================================================================
Received Import Request.
  Time since last request: 0.000037 seconds.
  path: Assets/Sci-Fi Styled Modular Pack/FBX/All/bottle_glassware_nrm_tube_large.fbx
  artifactKey: Guid(8ee8a1ab03a1816409fe3125f534f033) Importer(815301076,1909f56bfc062723c751e8b465ee728b)
Start importing Assets/Sci-Fi Styled Modular Pack/FBX/All/bottle_glassware_nrm_tube_large.fbx using Guid(8ee8a1ab03a1816409fe3125f534f033) Importer(815301076,1909f56bfc062723c751e8b465ee728b)  -> (artifact id: '1308d2c2262baabd65a0d0b8fac90c7a') in 0.228135 seconds 
========================================================================
Received Import Request.
  Time since last request: 0.000030 seconds.
  path: Assets/Sci-Fi Styled Modular Pack/FBX/All/bottle_glassware_filtering_flask_large.fbx
  artifactKey: Guid(9f13f229861c945429d1c80292b86f97) Importer(815301076,1909f56bfc062723c751e8b465ee728b)
Start importing Assets/Sci-Fi Styled Modular Pack/FBX/All/bottle_glassware_filtering_flask_large.fbx using Guid(9f13f229861c945429d1c80292b86f97) Importer(815301076,1909f56bfc062723c751e8b465ee728b)  -> (artifact id: '0d94be035fd296c70e4def0a2852e1c4') in 0.100021 seconds 
========================================================================
Received Import Request.
  Time since last request: 0.000036 seconds.
  path: Assets/Sci-Fi Styled Modular Pack/FBX/All/bottle_glassware_buchner_flask_medium.fbx
  artifactKey: Guid(be944c7551638914e85253e6a3584a81) Importer(815301076,1909f56bfc062723c751e8b465ee728b)
Start importing Assets/Sci-Fi Styled Modular Pack/FBX/All/bottle_glassware_buchner_flask_medium.fbx using Guid(be944c7551638914e85253e6a3584a81) Importer(815301076,1909f56bfc062723c751e8b465ee728b)  -> (artifact id: 'd8d4f533fa0267aa2e5b7ef1f7d35d40') in 0.117997 seconds 
========================================================================
Received Import Request.
  Time since last request: 0.000025 seconds.
  path: Assets/Sci-Fi Styled Modular Pack/FBX/All/bottle_glassware_kjeldahl_flask_small.fbx
  artifactKey: Guid(411da3c02afe26144a1b6ddd94e9a2f3) Importer(815301076,1909f56bfc062723c751e8b465ee728b)
Start importing Assets/Sci-Fi Styled Modular Pack/FBX/All/bottle_glassware_kjeldahl_flask_small.fbx using Guid(411da3c02afe26144a1b6ddd94e9a2f3) Importer(815301076,1909f56bfc062723c751e8b465ee728b)  -> (artifact id: '280f4e89f40faecc0411dc90d10d9973') in 0.213679 seconds 
========================================================================
Received Import Request.
  Time since last request: 0.000033 seconds.
  path: Assets/Sci-Fi Styled Modular Pack/FBX/All/bottle_glassware_beaker_medium.fbx
  artifactKey: Guid(0d85a46214d30e345b1f481ff80ff927) Importer(815301076,1909f56bfc062723c751e8b465ee728b)
Start importing Assets/Sci-Fi Styled Modular Pack/FBX/All/bottle_glassware_beaker_medium.fbx using Guid(0d85a46214d30e345b1f481ff80ff927) Importer(815301076,1909f56bfc062723c751e8b465ee728b)  -> (artifact id: '6b8081ebe4992e5ce0afd69a5fe84041') in 0.177007 seconds 
========================================================================
Received Import Request.
  Time since last request: 0.000036 seconds.
  path: Assets/Sci-Fi Styled Modular Pack/FBX/All/bottle_glassware_boiling_tube_medium.fbx
  artifactKey: Guid(70b657a36db6e534ca059a9406ec2109) Importer(815301076,1909f56bfc062723c751e8b465ee728b)
Start importing Assets/Sci-Fi Styled Modular Pack/FBX/All/bottle_glassware_boiling_tube_medium.fbx using Guid(70b657a36db6e534ca059a9406ec2109) Importer(815301076,1909f56bfc062723c751e8b465ee728b)  -> (artifact id: '80bfc6143f535b67971b6c9db911b882') in 0.247235 seconds 
========================================================================
Received Import Request.
  Time since last request: 0.124821 seconds.
  path: Assets/Sci-Fi Styled Modular Pack/FBX/All/bottle_glassware_straus_flask_small.fbx
  artifactKey: Guid(170fbf6b974573a4e823e11f91bdfe7c) Importer(815301076,1909f56bfc062723c751e8b465ee728b)
Start importing Assets/Sci-Fi Styled Modular Pack/FBX/All/bottle_glassware_straus_flask_small.fbx using Guid(170fbf6b974573a4e823e11f91bdfe7c) Importer(815301076,1909f56bfc062723c751e8b465ee728b)  -> (artifact id: 'dd5394aa27675c0219f8e96363701233') in 0.020423 seconds 
========================================================================
Received Import Request.
  Time since last request: 0.000030 seconds.
  path: Assets/Sci-Fi Styled Modular Pack/FBX/All/bottle_plastic_bottle_large.fbx
  artifactKey: Guid(c03afc524073b804fb7dc41b6943f78f) Importer(815301076,1909f56bfc062723c751e8b465ee728b)
Start importing Assets/Sci-Fi Styled Modular Pack/FBX/All/bottle_plastic_bottle_large.fbx using Guid(c03afc524073b804fb7dc41b6943f78f) Importer(815301076,1909f56bfc062723c751e8b465ee728b)  -> (artifact id: '0a885d42cf418370f9bd5758e82516ef') in 0.034535 seconds 
========================================================================
Received Import Request.
  Time since last request: 0.000050 seconds.
  path: Assets/Sci-Fi Styled Modular Pack/FBX/All/bottle_glassware_thiele_tube.fbx
  artifactKey: Guid(412299f3782319d4ca495bb88f3a498a) Importer(815301076,1909f56bfc062723c751e8b465ee728b)
Start importing Assets/Sci-Fi Styled Modular Pack/FBX/All/bottle_glassware_thiele_tube.fbx using Guid(412299f3782319d4ca495bb88f3a498a) Importer(815301076,1909f56bfc062723c751e8b465ee728b)  -> (artifact id: '60e154db8f40736f3cdca3a30ac5c91a') in 0.028194 seconds 
========================================================================
Received Import Request.
  Time since last request: 0.000048 seconds.
  path: Assets/Sci-Fi Styled Modular Pack/FBX/All/bottle_glassware_test_tube_small.fbx
  artifactKey: Guid(e83684e072dc59c47bb915417e5cc70b) Importer(815301076,1909f56bfc062723c751e8b465ee728b)
Start importing Assets/Sci-Fi Styled Modular Pack/FBX/All/bottle_glassware_test_tube_small.fbx using Guid(e83684e072dc59c47bb915417e5cc70b) Importer(815301076,1909f56bfc062723c751e8b465ee728b)  -> (artifact id: '88aacdf10ea83b1f7d061a07f15a3a15') in 0.022123 seconds 
========================================================================
Received Import Request.
  Time since last request: 0.000027 seconds.
  path: Assets/Sci-Fi Styled Modular Pack/FBX/All/bottle_glassware_vial_small.fbx
  artifactKey: Guid(39cb03aab7b3c4049aa0fc8f17f534ad) Importer(815301076,1909f56bfc062723c751e8b465ee728b)
Start importing Assets/Sci-Fi Styled Modular Pack/FBX/All/bottle_glassware_vial_small.fbx using Guid(39cb03aab7b3c4049aa0fc8f17f534ad) Importer(815301076,1909f56bfc062723c751e8b465ee728b)  -> (artifact id: '14270e862047c1f8bb5dc0141cdd2f18') in 0.059127 seconds 
========================================================================
Received Import Request.
  Time since last request: 0.000028 seconds.
  path: Assets/Sci-Fi Styled Modular Pack/FBX/All/bottle_glassware_vial_medium.fbx
  artifactKey: Guid(c8a66418f0c118f45ba1a9f0e2fe27cf) Importer(815301076,1909f56bfc062723c751e8b465ee728b)
Start importing Assets/Sci-Fi Styled Modular Pack/FBX/All/bottle_glassware_vial_medium.fbx using Guid(c8a66418f0c118f45ba1a9f0e2fe27cf) Importer(815301076,1909f56bfc062723c751e8b465ee728b)  -> (artifact id: '1e0a95ca894534d32d5e0389425a8d0a') in 0.067770 seconds 
========================================================================
Received Import Request.
  Time since last request: 0.000024 seconds.
  path: Assets/Sci-Fi Styled Modular Pack/FBX/All/bottle_pipet.fbx
  artifactKey: Guid(f36d416b2cd068c4dbe4ba76335f9008) Importer(815301076,1909f56bfc062723c751e8b465ee728b)
Start importing Assets/Sci-Fi Styled Modular Pack/FBX/All/bottle_pipet.fbx using Guid(f36d416b2cd068c4dbe4ba76335f9008) Importer(815301076,1909f56bfc062723c751e8b465ee728b)  -> (artifact id: '620192ad61183cd4307f33cd310c524d') in 0.038771 seconds 
========================================================================
Received Import Request.
  Time since last request: 0.000035 seconds.
  path: Assets/Sci-Fi Styled Modular Pack/FBX/All/bottle_micropipet.fbx
  artifactKey: Guid(399d258bdcc3ba9428a718486a048937) Importer(815301076,1909f56bfc062723c751e8b465ee728b)
Start importing Assets/Sci-Fi Styled Modular Pack/FBX/All/bottle_micropipet.fbx using Guid(399d258bdcc3ba9428a718486a048937) Importer(815301076,1909f56bfc062723c751e8b465ee728b)  -> (artifact id: '8e1567362327516a9a2dea748ad5c338') in 0.024141 seconds 
========================================================================
Received Import Request.
  Time since last request: 0.000039 seconds.
  path: Assets/Sci-Fi Styled Modular Pack/FBX/All/bottle_plastic_bottle_medium.fbx
  artifactKey: Guid(dce6196893cef0244b77129bf4f4711d) Importer(815301076,1909f56bfc062723c751e8b465ee728b)
Start importing Assets/Sci-Fi Styled Modular Pack/FBX/All/bottle_plastic_bottle_medium.fbx using Guid(dce6196893cef0244b77129bf4f4711d) Importer(815301076,1909f56bfc062723c751e8b465ee728b)  -> (artifact id: 'fa86ed6b5688c28895d9db5e1415b34d') in 0.057536 seconds 
========================================================================
Received Import Request.
  Time since last request: 42.900530 seconds.
  path: Assets/Sci-Fi Styled Modular Pack/FBX/Furniture/Counters/counter_counter_3_shelves.fbx
  artifactKey: Guid(b6cba2239ff2b8546b7b58e5d8d54ff3) Importer(815301076,1909f56bfc062723c751e8b465ee728b)
Start importing Assets/Sci-Fi Styled Modular Pack/FBX/Furniture/Counters/counter_counter_3_shelves.fbx using Guid(b6cba2239ff2b8546b7b58e5d8d54ff3) Importer(815301076,1909f56bfc062723c751e8b465ee728b)  -> (artifact id: '0040fde14f64b928e90a4fd21ea5ff21') in 0.158090 seconds 
========================================================================
Received Import Request.
  Time since last request: 0.000025 seconds.
  path: Assets/Sci-Fi Styled Modular Pack/FBX/Furniture/Counters/counter_counter_top_outlet.fbx
  artifactKey: Guid(284052b698e13a84ea2e01c767f32faa) Importer(815301076,1909f56bfc062723c751e8b465ee728b)
Start importing Assets/Sci-Fi Styled Modular Pack/FBX/Furniture/Counters/counter_counter_top_outlet.fbx using Guid(284052b698e13a84ea2e01c767f32faa) Importer(815301076,1909f56bfc062723c751e8b465ee728b)  -> (artifact id: '0d66ccf95e466b6990da85366173b0a5') in 0.141595 seconds 
========================================================================
Received Import Request.
  Time since last request: 18.820005 seconds.
  path: Assets/Sci-Fi Styled Modular Pack/FBX/Heating Equipment/heating_equipment_clay_triangle.fbx
  artifactKey: Guid(d86ffe425fb656f4c8142331d731a692) Importer(815301076,1909f56bfc062723c751e8b465ee728b)
Start importing Assets/Sci-Fi Styled Modular Pack/FBX/Heating Equipment/heating_equipment_clay_triangle.fbx using Guid(d86ffe425fb656f4c8142331d731a692) Importer(815301076,1909f56bfc062723c751e8b465ee728b)  -> (artifact id: '3ac149c1a24299663ce3d74fe09e4381') in 0.191445 seconds 
========================================================================
Received Import Request.
  Time since last request: 0.000029 seconds.
  path: Assets/Sci-Fi Styled Modular Pack/FBX/Heating Equipment/heating_equipment_thermometer.fbx
  artifactKey: Guid(e3f77fd0fc2b3514692fad8987fcdade) Importer(815301076,1909f56bfc062723c751e8b465ee728b)
Start importing Assets/Sci-Fi Styled Modular Pack/FBX/Heating Equipment/heating_equipment_thermometer.fbx using Guid(e3f77fd0fc2b3514692fad8987fcdade) Importer(815301076,1909f56bfc062723c751e8b465ee728b)  -> (artifact id: '1029371957796b9bc179cc45bbd7001f') in 0.120387 seconds 
========================================================================
Received Import Request.
  Time since last request: 0.000042 seconds.
  path: Assets/Sci-Fi Styled Modular Pack/FBX/Heating Equipment/heating_equipment_electronic_thermometer.fbx
  artifactKey: Guid(9633ff74e2fab9a41851196cccf10a1e) Importer(815301076,1909f56bfc062723c751e8b465ee728b)
Start importing Assets/Sci-Fi Styled Modular Pack/FBX/Heating Equipment/heating_equipment_electronic_thermometer.fbx using Guid(9633ff74e2fab9a41851196cccf10a1e) Importer(815301076,1909f56bfc062723c751e8b465ee728b)  -> (artifact id: '377dfd7a3b88db33a11f1f620840bae7') in 0.027776 seconds 
========================================================================
Received Import Request.
  Time since last request: 0.000029 seconds.
  path: Assets/Sci-Fi Styled Modular Pack/FBX/Heating Equipment/heating_equipment_forcepsright.fbx
  artifactKey: Guid(098e17e73a10ecf418c3cb728ec7f478) Importer(815301076,1909f56bfc062723c751e8b465ee728b)
Start importing Assets/Sci-Fi Styled Modular Pack/FBX/Heating Equipment/heating_equipment_forcepsright.fbx using Guid(098e17e73a10ecf418c3cb728ec7f478) Importer(815301076,1909f56bfc062723c751e8b465ee728b)  -> (artifact id: '739be7f749fcfa1768187d116035b75e') in 0.057465 seconds 
========================================================================
Received Import Request.
  Time since last request: 0.000038 seconds.
  path: Assets/Sci-Fi Styled Modular Pack/FBX/Heating Equipment/heating_equipment_crucible.fbx
  artifactKey: Guid(22096b981cf741e49877a3cb821e2584) Importer(815301076,1909f56bfc062723c751e8b465ee728b)
Start importing Assets/Sci-Fi Styled Modular Pack/FBX/Heating Equipment/heating_equipment_crucible.fbx using Guid(22096b981cf741e49877a3cb821e2584) Importer(815301076,1909f56bfc062723c751e8b465ee728b)  -> (artifact id: '9d08dd8fe5ed83a8df1b1cc4b3a19731') in 0.063955 seconds 
========================================================================
Received Prepare
Registering precompiled user dll's ...
Registered in 0.008631 seconds.
Begin MonoManager ReloadAssembly
Symbol file LoadedFromMemory doesn't match image E:\Work ()\FMP WORK\MOBA Map\Library\PackageCache\com.unity.visualscripting@1.7.8\Editor\VisualScripting.Core\Dependencies\YamlDotNet\Unity.VisualScripting.YamlDotNet.dll
Symbol file LoadedFromMemory doesn't match image E:\Work ()\FMP WORK\MOBA Map\Library\PackageCache\com.unity.visualscripting@1.7.8\Editor\VisualScripting.Core\Dependencies\DotNetZip\Unity.VisualScripting.IonicZip.dll
Native extension for WindowsStandalone target not found
Native extension for WebGL target not found
Refreshing native plugins compatible for Editor in 1.99 ms, found 4 plugins.
Preloading 0 native plugins for Editor in 0.00 ms.
Mono: successfully reloaded assembly
- Completed reload, in  1.270 seconds
Domain Reload Profiling:
	ReloadAssembly (1271ms)
		BeginReloadAssembly (201ms)
			ExecutionOrderSort (0ms)
			DisableScriptedObjects (4ms)
			BackupInstance (0ms)
			ReleaseScriptingObjects (0ms)
			CreateAndSetChildDomain (66ms)
		EndReloadAssembly (957ms)
			LoadAssemblies (134ms)
			RebuildTransferFunctionScriptingTraits (0ms)
			SetupTypeCache (357ms)
			ReleaseScriptCaches (2ms)
			RebuildScriptCaches (48ms)
			SetupLoadedEditorAssemblies (396ms)
				LogAssemblyErrors (0ms)
				InitializePlatformSupportModulesInManaged (18ms)
				SetLoadedEditorAssemblies (1ms)
				RefreshPlugins (2ms)
				BeforeProcessingInitializeOnLoad (73ms)
				ProcessInitializeOnLoadAttributes (272ms)
				ProcessInitializeOnLoadMethodAttributes (24ms)
				AfterProcessingInitializeOnLoad (6ms)
				EditorAssembliesLoaded (0ms)
			ExecutionOrderSort2 (0ms)
			AwakeInstancesAfterBackupRestoration (6ms)
Platform modules already initialized, skipping
Refreshing native plugins compatible for Editor in 2.85 ms, found 4 plugins.
Preloading 0 native plugins for Editor in 0.00 ms.
Unloading 3727 Unused Serialized files (Serialized files now loaded: 0)
Unloading 23 unused Assets / (125.7 KB). Loaded Objects now: 4280.
Memory consumption went from 140.4 MB to 140.3 MB.
Total: 3.625600 ms (FindLiveObjects: 0.356500 ms CreateObjectMapping: 0.206100 ms MarkObjects: 2.925900 ms  DeleteObjects: 0.135600 ms)

AssetImportParameters requested are different than current active one (requested -> active):
  custom:video-decoder-ogg-theora: a1e56fd34408186e4bbccfd4996cb3dc -> 
  custom:container-muxer-webm: aa71ff27fc2769a1b78a27578f13a17b -> 
  custom:container-demuxer-webm: 4f35f7cbe854078d1ac9338744f61a02 -> 
  custom:video-encoder-webm-vp8: eb34c28f22e8b96e1ab97ce403110664 -> 
  custom:audio-encoder-webm-vorbis: bf7c407c2cedff20999df2af8eb42d56 -> 
  custom:framework-win-MediaFoundation: 216162199b28c13a410421893ffa2e32 -> 
  custom:container-demuxer-ogg: 62fdf1f143b41e24485cea50d1cbac27 -> 
  custom:video-decoder-webm-vp8: 9c59270c3fd7afecdb556c50c9e8de78 -> 
  custom:audio-decoder-ogg-vorbis: bf7c407c2cedff20999df2af8eb42d56 -> 
========================================================================
Received Prepare
Registering precompiled user dll's ...
Registered in 0.007479 seconds.
Begin MonoManager ReloadAssembly
Symbol file LoadedFromMemory doesn't match image E:\Work ()\FMP WORK\MOBA Map\Library\PackageCache\com.unity.visualscripting@1.7.8\Editor\VisualScripting.Core\Dependencies\YamlDotNet\Unity.VisualScripting.YamlDotNet.dll
Symbol file LoadedFromMemory doesn't match image E:\Work ()\FMP WORK\MOBA Map\Library\PackageCache\com.unity.visualscripting@1.7.8\Editor\VisualScripting.Core\Dependencies\DotNetZip\Unity.VisualScripting.IonicZip.dll
Native extension for WindowsStandalone target not found
Native extension for WebGL target not found
Refreshing native plugins compatible for Editor in 0.88 ms, found 4 plugins.
Preloading 0 native plugins for Editor in 0.00 ms.
Mono: successfully reloaded assembly
- Completed reload, in  1.037 seconds
Domain Reload Profiling:
	ReloadAssembly (1038ms)
		BeginReloadAssembly (151ms)
			ExecutionOrderSort (0ms)
			DisableScriptedObjects (7ms)
			BackupInstance (0ms)
			ReleaseScriptingObjects (0ms)
			CreateAndSetChildDomain (39ms)
		EndReloadAssembly (788ms)
			LoadAssemblies (98ms)
			RebuildTransferFunctionScriptingTraits (0ms)
			SetupTypeCache (315ms)
			ReleaseScriptCaches (2ms)
			RebuildScriptCaches (45ms)
			SetupLoadedEditorAssemblies (307ms)
				LogAssemblyErrors (0ms)
				InitializePlatformSupportModulesInManaged (12ms)
				SetLoadedEditorAssemblies (0ms)
				RefreshPlugins (1ms)
				BeforeProcessingInitializeOnLoad (59ms)
				ProcessInitializeOnLoadAttributes (209ms)
				ProcessInitializeOnLoadMethodAttributes (23ms)
				AfterProcessingInitializeOnLoad (2ms)
				EditorAssembliesLoaded (0ms)
			ExecutionOrderSort2 (0ms)
			AwakeInstancesAfterBackupRestoration (6ms)
Platform modules already initialized, skipping
Refreshing native plugins compatible for Editor in 2.29 ms, found 4 plugins.
Preloading 0 native plugins for Editor in 0.00 ms.
Unloading 3727 Unused Serialized files (Serialized files now loaded: 0)
Unloading 23 unused Assets / (125.7 KB). Loaded Objects now: 4283.
Memory consumption went from 140.4 MB to 140.3 MB.
Total: 3.060400 ms (FindLiveObjects: 0.298400 ms CreateObjectMapping: 0.194400 ms MarkObjects: 2.449000 ms  DeleteObjects: 0.117900 ms)

AssetImportParameters requested are different than current active one (requested -> active):
  custom:video-decoder-ogg-theora: a1e56fd34408186e4bbccfd4996cb3dc -> 
  custom:container-muxer-webm: aa71ff27fc2769a1b78a27578f13a17b -> 
  custom:container-demuxer-webm: 4f35f7cbe854078d1ac9338744f61a02 -> 
  custom:video-encoder-webm-vp8: eb34c28f22e8b96e1ab97ce403110664 -> 
  custom:audio-encoder-webm-vorbis: bf7c407c2cedff20999df2af8eb42d56 -> 
  custom:framework-win-MediaFoundation: 216162199b28c13a410421893ffa2e32 -> 
  custom:container-demuxer-ogg: 62fdf1f143b41e24485cea50d1cbac27 -> 
  custom:video-decoder-webm-vp8: 9c59270c3fd7afecdb556c50c9e8de78 -> 
  custom:audio-decoder-ogg-vorbis: bf7c407c2cedff20999df2af8eb42d56 -> 
========================================================================
Received Prepare
Refreshing native plugins compatible for Editor in 6.85 ms, found 4 plugins.
Preloading 0 native plugins for Editor in 0.00 ms.
Unloading 23 Unused Serialized files (Serialized files now loaded: 0)
Unloading 23 unused Assets / (115.3 KB). Loaded Objects now: 4283.
Memory consumption went from 66.4 MB to 66.2 MB.
Total: 3.557000 ms (FindLiveObjects: 0.283100 ms CreateObjectMapping: 0.172500 ms MarkObjects: 2.968500 ms  DeleteObjects: 0.132300 ms)

AssetImportParameters requested are different than current active one (requested -> active):
  custom:video-decoder-ogg-theora: a1e56fd34408186e4bbccfd4996cb3dc -> 
  custom:container-muxer-webm: aa71ff27fc2769a1b78a27578f13a17b -> 
  custom:container-demuxer-webm: 4f35f7cbe854078d1ac9338744f61a02 -> 
  custom:video-encoder-webm-vp8: eb34c28f22e8b96e1ab97ce403110664 -> 
  custom:audio-encoder-webm-vorbis: bf7c407c2cedff20999df2af8eb42d56 -> 
  custom:framework-win-MediaFoundation: 216162199b28c13a410421893ffa2e32 -> 
  custom:container-demuxer-ogg: 62fdf1f143b41e24485cea50d1cbac27 -> 
  custom:video-decoder-webm-vp8: 9c59270c3fd7afecdb556c50c9e8de78 -> 
  custom:audio-decoder-ogg-vorbis: bf7c407c2cedff20999df2af8eb42d56 -> 
========================================================================
Received Prepare
Refreshing native plugins compatible for Editor in 5.55 ms, found 4 plugins.
Preloading 0 native plugins for Editor in 0.00 ms.
Unloading 23 Unused Serialized files (Serialized files now loaded: 0)
Unloading 23 unused Assets / (115.3 KB). Loaded Objects now: 4283.
Memory consumption went from 66.4 MB to 66.3 MB.
Total: 3.424000 ms (FindLiveObjects: 0.325100 ms CreateObjectMapping: 0.222100 ms MarkObjects: 2.742000 ms  DeleteObjects: 0.133400 ms)

AssetImportParameters requested are different than current active one (requested -> active):
  custom:video-decoder-ogg-theora: a1e56fd34408186e4bbccfd4996cb3dc -> 
  custom:container-muxer-webm: aa71ff27fc2769a1b78a27578f13a17b -> 
  custom:container-demuxer-webm: 4f35f7cbe854078d1ac9338744f61a02 -> 
  custom:video-encoder-webm-vp8: eb34c28f22e8b96e1ab97ce403110664 -> 
  custom:audio-encoder-webm-vorbis: bf7c407c2cedff20999df2af8eb42d56 -> 
  custom:framework-win-MediaFoundation: 216162199b28c13a410421893ffa2e32 -> 
  custom:container-demuxer-ogg: 62fdf1f143b41e24485cea50d1cbac27 -> 
  custom:video-decoder-webm-vp8: 9c59270c3fd7afecdb556c50c9e8de78 -> 
  custom:audio-decoder-ogg-vorbis: bf7c407c2cedff20999df2af8eb42d56 -> 
========================================================================
Received Prepare
Refreshing native plugins compatible for Editor in 6.04 ms, found 4 plugins.
Preloading 0 native plugins for Editor in 0.00 ms.
Unloading 23 Unused Serialized files (Serialized files now loaded: 0)
Unloading 23 unused Assets / (123.0 KB). Loaded Objects now: 4283.
Memory consumption went from 66.4 MB to 66.3 MB.
Total: 4.630900 ms (FindLiveObjects: 0.316300 ms CreateObjectMapping: 0.181700 ms MarkObjects: 3.999800 ms  DeleteObjects: 0.132200 ms)

AssetImportParameters requested are different than current active one (requested -> active):
  custom:video-decoder-ogg-theora: a1e56fd34408186e4bbccfd4996cb3dc -> 
  custom:container-muxer-webm: aa71ff27fc2769a1b78a27578f13a17b -> 
  custom:container-demuxer-webm: 4f35f7cbe854078d1ac9338744f61a02 -> 
  custom:video-encoder-webm-vp8: eb34c28f22e8b96e1ab97ce403110664 -> 
  custom:audio-encoder-webm-vorbis: bf7c407c2cedff20999df2af8eb42d56 -> 
  custom:framework-win-MediaFoundation: 216162199b28c13a410421893ffa2e32 -> 
  custom:container-demuxer-ogg: 62fdf1f143b41e24485cea50d1cbac27 -> 
  custom:video-decoder-webm-vp8: 9c59270c3fd7afecdb556c50c9e8de78 -> 
  custom:audio-decoder-ogg-vorbis: bf7c407c2cedff20999df2af8eb42d56 -> 
========================================================================
Received Prepare
Refreshing native plugins compatible for Editor in 7.32 ms, found 4 plugins.
Preloading 0 native plugins for Editor in 0.00 ms.
Unloading 23 Unused Serialized files (Serialized files now loaded: 0)
Unloading 23 unused Assets / (130.9 KB). Loaded Objects now: 4283.
Memory consumption went from 66.4 MB to 66.3 MB.
Total: 4.073700 ms (FindLiveObjects: 0.360300 ms CreateObjectMapping: 0.390300 ms MarkObjects: 3.175400 ms  DeleteObjects: 0.146400 ms)

AssetImportParameters requested are different than current active one (requested -> active):
  custom:video-decoder-ogg-theora: a1e56fd34408186e4bbccfd4996cb3dc -> 
  custom:container-muxer-webm: aa71ff27fc2769a1b78a27578f13a17b -> 
  custom:container-demuxer-webm: 4f35f7cbe854078d1ac9338744f61a02 -> 
  custom:video-encoder-webm-vp8: eb34c28f22e8b96e1ab97ce403110664 -> 
  custom:audio-encoder-webm-vorbis: bf7c407c2cedff20999df2af8eb42d56 -> 
  custom:framework-win-MediaFoundation: 216162199b28c13a410421893ffa2e32 -> 
  custom:container-demuxer-ogg: 62fdf1f143b41e24485cea50d1cbac27 -> 
  custom:video-decoder-webm-vp8: 9c59270c3fd7afecdb556c50c9e8de78 -> 
  custom:audio-decoder-ogg-vorbis: bf7c407c2cedff20999df2af8eb42d56 -> 
